-------------------------------------------------------------------------------
Test set: TestSuite
-------------------------------------------------------------------------------
Tests run: 8, Failures: 2, Errors: 0, Skipped: 6, Time elapsed: 46.425 s <<< FAILURE! - in TestSuite
testCases.ManageCategoryTestPage.verifyToAddSubCategory  Time elapsed: 2.732 s  <<< FAILURE!
java.lang.AssertionError: 
Sub Category already exists or Wrong Category Mentioned expected [ï¿½
Alert!
Sub Category Created Successfully] but found [�
Alert!
Sub Category Created Successfully]
	at testCases.ManageCategoryTestPage.verifyToAddSubCategory(ManageCategoryTestPage.java:38)

testCases.ManageCategoryTestPage.verifyTheSearchSubCategory  Time elapsed: 1.194 s  <<< FAILURE!
org.openqa.selenium.InvalidSelectorException: 
invalid selector
from javascript error: {"status":32,"value":"Unable to locate an element with the xpath expression form-control selectpicker because of the following error:\nSyntaxError: Failed to execute 'evaluate' on 'Document': The string 'form-control selectpicker' is not a valid XPath expression."}
  (Session info: chrome=127.0.6533.120)
For documentation on this error, please visit: https://www.selenium.dev/documentation/webdriver/troubleshooting/errors#invalid-selector-exception
Build info: version: '4.23.0', revision: '4df0a231af'
System info: os.name: 'Windows 11', os.arch: 'amd64', os.version: '10.0', java.version: '17.0.10'
Driver info: org.openqa.selenium.chrome.ChromeDriver
Command: [fee2103e50647ba5cb8d96eb3bf8c5f1, findElement {value=form-control selectpicker, using=xpath}]
Capabilities {acceptInsecureCerts: false, browserName: chrome, browserVersion: 127.0.6533.120, chrome: {chromedriverVersion: 127.0.6533.119 (bdef6783a05..., userDataDir: C:\Users\vishn\AppData\Loca...}, fedcm:accounts: true, goog:chromeOptions: {debuggerAddress: localhost:57875}, networkConnectionEnabled: false, pageLoadStrategy: normal, platformName: windows, proxy: Proxy(), se:cdp: ws://localhost:57875/devtoo..., se:cdpVersion: 127.0.6533.120, setWindowRect: true, strictFileInteractability: false, timeouts: {implicit: 0, pageLoad: 300000, script: 30000}, unhandledPromptBehavior: dismiss and notify, webauthn:extension:credBlob: true, webauthn:extension:largeBlob: true, webauthn:extension:minPinLength: true, webauthn:extension:prf: true, webauthn:virtualAuthenticators: true}
Session ID: fee2103e50647ba5cb8d96eb3bf8c5f1
	at testCases.ManageCategoryTestPage.verifyTheSearchSubCategory(ManageCategoryTestPage.java:62)

